Setting x64
The system cannot find the path specified.

Microsoft (R) Program Maintenance Utility Version 14.29.30141.0
Copyright (C) Microsoft Corporation.  All rights reserved.

	del libtriangle.dll tricall.obj triangle.obj libtriangle.lib libtriangle.exp
Could Not Find C:\Users\Valerio\OneDrive - Universita degli Studi Roma Tre\CP\LAR-TGW-3D\docs\deps\packages\Triangle\gYrhQ\deps\src\libtriangle.dll

Microsoft (R) Program Maintenance Utility Version 14.29.30141.0
Copyright (C) Microsoft Corporation.  All rights reserved.

	cl.exe /DCPU86 /DTRILIBRARY /DREDUCED /DCDT_ONLY /DNO_TIMER /GL -c tricall.c
Microsoft (R) C/C++ Optimizing Compiler Version 19.29.30141 for x64
Copyright (C) Microsoft Corporation.  All rights reserved.

tricall.c
c1: fatal error C1356: unable to find mspdbcore.dll
NMAKE : fatal error U1077: 'C:\bin\cl.exe' : return code '0x2'
Stop.
The system cannot find the file specified.
[ Info: Changing directory to C:\Users\Valerio\OneDrive - Universita degli Studi Roma Tre\CP\LAR-TGW-3D\docs\deps\packages\Triangle\gYrhQ\deps\src
[ Info: Changing directory to C:\Users\Valerio\OneDrive - Universita degli Studi Roma Tre\CP\LAR-TGW-3D\docs\deps\packages\Triangle\gYrhQ\deps\src
ERROR: LoadError: failed process: Process(`cmd /c copy libtriangle.dll 'C:\Users\Valerio\OneDrive - Universita degli Studi Roma Tre\CP\LAR-TGW-3D\docs\deps\packages\Triangle\gYrhQ\deps\usr\lib\libtriangle.dll'`, ProcessExited(1)) [1]

Stacktrace:
 [1] pipeline_error
   @ .\process.jl:531 [inlined]
 [2] run(::Cmd; wait::Bool)
   @ Base .\process.jl:446
 [3] run(::Cmd)
   @ Base .\process.jl:444
 [4] run(s::BinDeps.SynchronousStepCollection)
   @ BinDeps C:\Users\Valerio\OneDrive - Universita degli Studi Roma Tre\CP\LAR-TGW-3D\docs\deps\packages\BinDeps\ZEval\src\BinDeps.jl:521
 [5] macro expansion
   @ C:\Users\Valerio\OneDrive - Universita degli Studi Roma Tre\CP\LAR-TGW-3D\docs\deps\packages\BinDeps\ZEval\src\BinDeps.jl:311 [inlined]
 [6] top-level scope
   @ C:\Users\Valerio\OneDrive - Universita degli Studi Roma Tre\CP\LAR-TGW-3D\docs\deps\packages\Triangle\gYrhQ\deps\build.jl:20
 [7] include(fname::String)
   @ Base.MainInclude .\client.jl:451
 [8] top-level scope
   @ none:5
in expression starting at C:\Users\Valerio\OneDrive - Universita degli Studi Roma Tre\CP\LAR-TGW-3D\docs\deps\packages\Triangle\gYrhQ\deps\build.jl:14
